The system is: Linux - 4.4.0-159-generic - x86_64
Compiling the C compiler identification source file "CMakeCCompilerId.c" succeeded.
Compiler: /root/fuzzer/afl-2.52b/afl-clang 
Build flags: -fsanitize=address
Id flags: 

The output was:
0


Compilation of the C compiler identification source "CMakeCCompilerId.c" produced "a.out"

The C compiler identification is Clang, found in "/root/temp/iec/lib60870/lib60870-C/examples/cs101_master_balanced/build/CMakeFiles/3.5.1/CompilerIdC/a.out"

Compiling the CXX compiler identification source file "CMakeCXXCompilerId.cpp" succeeded.
Compiler: /root/fuzzer/afl-2.52b/afl-clang++ 
Build flags: 
Id flags: 

The output was:
0


Compilation of the CXX compiler identification source "CMakeCXXCompilerId.cpp" produced "a.out"

The CXX compiler identification is Clang, found in "/root/temp/iec/lib60870/lib60870-C/examples/cs101_master_balanced/build/CMakeFiles/3.5.1/CompilerIdCXX/a.out"

Determining if the C compiler works passed with the following output:
Change Dir: /root/temp/iec/lib60870/lib60870-C/examples/cs101_master_balanced/build/CMakeFiles/CMakeTmp

Run Build Command:"/usr/bin/make" "cmTC_67d2c/fast"
/usr/bin/make -f CMakeFiles/cmTC_67d2c.dir/build.make CMakeFiles/cmTC_67d2c.dir/build
make[1]: Entering directory '/root/temp/iec/lib60870/lib60870-C/examples/cs101_master_balanced/build/CMakeFiles/CMakeTmp'
Building C object CMakeFiles/cmTC_67d2c.dir/testCCompiler.c.o
/root/fuzzer/afl-2.52b/afl-clang    -fsanitize=address     -o CMakeFiles/cmTC_67d2c.dir/testCCompiler.c.o   -c /root/temp/iec/lib60870/lib60870-C/examples/cs101_master_balanced/build/CMakeFiles/CMakeTmp/testCCompiler.c
Linking C executable cmTC_67d2c
/usr/bin/cmake -E cmake_link_script CMakeFiles/cmTC_67d2c.dir/link.txt --verbose=1
/root/fuzzer/afl-2.52b/afl-clang  -fsanitize=address     -fsanitize=address  CMakeFiles/cmTC_67d2c.dir/testCCompiler.c.o  -o cmTC_67d2c -rdynamic 
make[1]: Leaving directory '/root/temp/iec/lib60870/lib60870-C/examples/cs101_master_balanced/build/CMakeFiles/CMakeTmp'


Detecting C compiler ABI info compiled with the following output:
Change Dir: /root/temp/iec/lib60870/lib60870-C/examples/cs101_master_balanced/build/CMakeFiles/CMakeTmp

Run Build Command:"/usr/bin/make" "cmTC_b7ddd/fast"
/usr/bin/make -f CMakeFiles/cmTC_b7ddd.dir/build.make CMakeFiles/cmTC_b7ddd.dir/build
make[1]: Entering directory '/root/temp/iec/lib60870/lib60870-C/examples/cs101_master_balanced/build/CMakeFiles/CMakeTmp'
Building C object CMakeFiles/cmTC_b7ddd.dir/CMakeCCompilerABI.c.o
/root/fuzzer/afl-2.52b/afl-clang    -fsanitize=address     -o CMakeFiles/cmTC_b7ddd.dir/CMakeCCompilerABI.c.o   -c /usr/share/cmake-3.5/Modules/CMakeCCompilerABI.c
Linking C executable cmTC_b7ddd
/usr/bin/cmake -E cmake_link_script CMakeFiles/cmTC_b7ddd.dir/link.txt --verbose=1
/root/fuzzer/afl-2.52b/afl-clang  -fsanitize=address     -fsanitize=address -v CMakeFiles/cmTC_b7ddd.dir/CMakeCCompilerABI.c.o  -o cmTC_b7ddd -rdynamic  
clang version 5.0.0-3~16.04.1 (tags/RELEASE_500/final)
Target: x86_64-pc-linux-gnu
Thread model: posix
InstalledDir: /usr/bin
Found candidate GCC installation: /usr/bin/../lib/gcc/i686-linux-gnu/6
Found candidate GCC installation: /usr/bin/../lib/gcc/i686-linux-gnu/6.0.0
Found candidate GCC installation: /usr/bin/../lib/gcc/x86_64-linux-gnu/5
Found candidate GCC installation: /usr/bin/../lib/gcc/x86_64-linux-gnu/5.4.0
Found candidate GCC installation: /usr/bin/../lib/gcc/x86_64-linux-gnu/6
Found candidate GCC installation: /usr/bin/../lib/gcc/x86_64-linux-gnu/6.0.0
Found candidate GCC installation: /usr/lib/gcc/i686-linux-gnu/6
Found candidate GCC installation: /usr/lib/gcc/i686-linux-gnu/6.0.0
Found candidate GCC installation: /usr/lib/gcc/x86_64-linux-gnu/5
Found candidate GCC installation: /usr/lib/gcc/x86_64-linux-gnu/5.4.0
Found candidate GCC installation: /usr/lib/gcc/x86_64-linux-gnu/6
Found candidate GCC installation: /usr/lib/gcc/x86_64-linux-gnu/6.0.0
Selected GCC installation: /usr/bin/../lib/gcc/x86_64-linux-gnu/5.4.0
Candidate multilib: .;@m64
Selected multilib: .;@m64
 "/usr/bin/ld" -export-dynamic -z relro --hash-style=gnu --eh-frame-hdr -m elf_x86_64 -export-dynamic -dynamic-linker /lib64/ld-linux-x86-64.so.2 -o cmTC_b7ddd /usr/bin/../lib/gcc/x86_64-linux-gnu/5.4.0/../../../x86_64-linux-gnu/crt1.o /usr/bin/../lib/gcc/x86_64-linux-gnu/5.4.0/../../../x86_64-linux-gnu/crti.o /usr/bin/../lib/gcc/x86_64-linux-gnu/5.4.0/crtbegin.o -L/usr/bin/../lib/gcc/x86_64-linux-gnu/5.4.0 -L/usr/bin/../lib/gcc/x86_64-linux-gnu/5.4.0/../../../x86_64-linux-gnu -L/lib/x86_64-linux-gnu -L/lib/../lib64 -L/usr/lib/x86_64-linux-gnu -L/usr/bin/../lib/gcc/x86_64-linux-gnu/5.4.0/../../.. -L/usr/lib/llvm-5.0/bin/../lib -L/lib -L/usr/lib -whole-archive /usr/lib/llvm-5.0/lib/clang/5.0.0/lib/linux/libclang_rt.asan-x86_64.a -no-whole-archive --dynamic-list=/usr/lib/llvm-5.0/lib/clang/5.0.0/lib/linux/libclang_rt.asan-x86_64.a.syms CMakeFiles/cmTC_b7ddd.dir/CMakeCCompilerABI.c.o --no-as-needed -lpthread -lrt -lm -ldl -lgcc --as-needed -lgcc_s --no-as-needed -lc -lgcc --as-needed -lgcc_s --no-as-needed /usr/bin/../lib/gcc/x86_64-linux-gnu/5.4.0/crtend.o /usr/bin/../lib/gcc/x86_64-linux-gnu/5.4.0/../../../x86_64-linux-gnu/crtn.o
make[1]: Leaving directory '/root/temp/iec/lib60870/lib60870-C/examples/cs101_master_balanced/build/CMakeFiles/CMakeTmp'


Parsed C implicit link information from above output:
  link line regex: [^( *|.*[/\])(ld|([^/\]+-)?ld|collect2)[^/\]*( |$)]
  ignore line: [Change Dir: /root/temp/iec/lib60870/lib60870-C/examples/cs101_master_balanced/build/CMakeFiles/CMakeTmp]
  ignore line: []
  ignore line: [Run Build Command:"/usr/bin/make" "cmTC_b7ddd/fast"]
  ignore line: [/usr/bin/make -f CMakeFiles/cmTC_b7ddd.dir/build.make CMakeFiles/cmTC_b7ddd.dir/build]
  ignore line: [make[1]: Entering directory '/root/temp/iec/lib60870/lib60870-C/examples/cs101_master_balanced/build/CMakeFiles/CMakeTmp']
  ignore line: [Building C object CMakeFiles/cmTC_b7ddd.dir/CMakeCCompilerABI.c.o]
  ignore line: [/root/fuzzer/afl-2.52b/afl-clang    -fsanitize=address     -o CMakeFiles/cmTC_b7ddd.dir/CMakeCCompilerABI.c.o   -c /usr/share/cmake-3.5/Modules/CMakeCCompilerABI.c]
  ignore line: [Linking C executable cmTC_b7ddd]
  ignore line: [/usr/bin/cmake -E cmake_link_script CMakeFiles/cmTC_b7ddd.dir/link.txt --verbose=1]
  ignore line: [/root/fuzzer/afl-2.52b/afl-clang  -fsanitize=address     -fsanitize=address -v CMakeFiles/cmTC_b7ddd.dir/CMakeCCompilerABI.c.o  -o cmTC_b7ddd -rdynamic  ]
  ignore line: [clang version 5.0.0-3~16.04.1 (tags/RELEASE_500/final)]
  ignore line: [Target: x86_64-pc-linux-gnu]
  ignore line: [Thread model: posix]
  ignore line: [InstalledDir: /usr/bin]
  ignore line: [Found candidate GCC installation: /usr/bin/../lib/gcc/i686-linux-gnu/6]
  ignore line: [Found candidate GCC installation: /usr/bin/../lib/gcc/i686-linux-gnu/6.0.0]
  ignore line: [Found candidate GCC installation: /usr/bin/../lib/gcc/x86_64-linux-gnu/5]
  ignore line: [Found candidate GCC installation: /usr/bin/../lib/gcc/x86_64-linux-gnu/5.4.0]
  ignore line: [Found candidate GCC installation: /usr/bin/../lib/gcc/x86_64-linux-gnu/6]
  ignore line: [Found candidate GCC installation: /usr/bin/../lib/gcc/x86_64-linux-gnu/6.0.0]
  ignore line: [Found candidate GCC installation: /usr/lib/gcc/i686-linux-gnu/6]
  ignore line: [Found candidate GCC installation: /usr/lib/gcc/i686-linux-gnu/6.0.0]
  ignore line: [Found candidate GCC installation: /usr/lib/gcc/x86_64-linux-gnu/5]
  ignore line: [Found candidate GCC installation: /usr/lib/gcc/x86_64-linux-gnu/5.4.0]
  ignore line: [Found candidate GCC installation: /usr/lib/gcc/x86_64-linux-gnu/6]
  ignore line: [Found candidate GCC installation: /usr/lib/gcc/x86_64-linux-gnu/6.0.0]
  ignore line: [Selected GCC installation: /usr/bin/../lib/gcc/x86_64-linux-gnu/5.4.0]
  ignore line: [Candidate multilib: .]
  ignore line: [@m64]
  ignore line: [Selected multilib: .]
  ignore line: [@m64]
  link line: [ "/usr/bin/ld" -export-dynamic -z relro --hash-style=gnu --eh-frame-hdr -m elf_x86_64 -export-dynamic -dynamic-linker /lib64/ld-linux-x86-64.so.2 -o cmTC_b7ddd /usr/bin/../lib/gcc/x86_64-linux-gnu/5.4.0/../../../x86_64-linux-gnu/crt1.o /usr/bin/../lib/gcc/x86_64-linux-gnu/5.4.0/../../../x86_64-linux-gnu/crti.o /usr/bin/../lib/gcc/x86_64-linux-gnu/5.4.0/crtbegin.o -L/usr/bin/../lib/gcc/x86_64-linux-gnu/5.4.0 -L/usr/bin/../lib/gcc/x86_64-linux-gnu/5.4.0/../../../x86_64-linux-gnu -L/lib/x86_64-linux-gnu -L/lib/../lib64 -L/usr/lib/x86_64-linux-gnu -L/usr/bin/../lib/gcc/x86_64-linux-gnu/5.4.0/../../.. -L/usr/lib/llvm-5.0/bin/../lib -L/lib -L/usr/lib -whole-archive /usr/lib/llvm-5.0/lib/clang/5.0.0/lib/linux/libclang_rt.asan-x86_64.a -no-whole-archive --dynamic-list=/usr/lib/llvm-5.0/lib/clang/5.0.0/lib/linux/libclang_rt.asan-x86_64.a.syms CMakeFiles/cmTC_b7ddd.dir/CMakeCCompilerABI.c.o --no-as-needed -lpthread -lrt -lm -ldl -lgcc --as-needed -lgcc_s --no-as-needed -lc -lgcc --as-needed -lgcc_s --no-as-needed /usr/bin/../lib/gcc/x86_64-linux-gnu/5.4.0/crtend.o /usr/bin/../lib/gcc/x86_64-linux-gnu/5.4.0/../../../x86_64-linux-gnu/crtn.o]
    arg [/usr/bin/ld] ==> ignore
    arg [-export-dynamic] ==> ignore
    arg [-zrelro] ==> ignore
    arg [--hash-style=gnu] ==> ignore
    arg [--eh-frame-hdr] ==> ignore
    arg [-m] ==> ignore
    arg [elf_x86_64] ==> ignore
    arg [-export-dynamic] ==> ignore
    arg [-dynamic-linker] ==> ignore
    arg [/lib64/ld-linux-x86-64.so.2] ==> ignore
    arg [-o] ==> ignore
    arg [cmTC_b7ddd] ==> ignore
    arg [/usr/bin/../lib/gcc/x86_64-linux-gnu/5.4.0/../../../x86_64-linux-gnu/crt1.o] ==> ignore
    arg [/usr/bin/../lib/gcc/x86_64-linux-gnu/5.4.0/../../../x86_64-linux-gnu/crti.o] ==> ignore
    arg [/usr/bin/../lib/gcc/x86_64-linux-gnu/5.4.0/crtbegin.o] ==> ignore
    arg [-L/usr/bin/../lib/gcc/x86_64-linux-gnu/5.4.0] ==> dir [/usr/bin/../lib/gcc/x86_64-linux-gnu/5.4.0]
    arg [-L/usr/bin/../lib/gcc/x86_64-linux-gnu/5.4.0/../../../x86_64-linux-gnu] ==> dir [/usr/bin/../lib/gcc/x86_64-linux-gnu/5.4.0/../../../x86_64-linux-gnu]
    arg [-L/lib/x86_64-linux-gnu] ==> dir [/lib/x86_64-linux-gnu]
    arg [-L/lib/../lib64] ==> dir [/lib/../lib64]
    arg [-L/usr/lib/x86_64-linux-gnu] ==> dir [/usr/lib/x86_64-linux-gnu]
    arg [-L/usr/bin/../lib/gcc/x86_64-linux-gnu/5.4.0/../../..] ==> dir [/usr/bin/../lib/gcc/x86_64-linux-gnu/5.4.0/../../..]
    arg [-L/usr/lib/llvm-5.0/bin/../lib] ==> dir [/usr/lib/llvm-5.0/bin/../lib]
    arg [-L/lib] ==> dir [/lib]
    arg [-L/usr/lib] ==> dir [/usr/lib]
    arg [-whole-archive] ==> ignore
    arg [/usr/lib/llvm-5.0/lib/clang/5.0.0/lib/linux/libclang_rt.asan-x86_64.a] ==> lib [/usr/lib/llvm-5.0/lib/clang/5.0.0/lib/linux/libclang_rt.asan-x86_64.a]
    arg [-no-whole-archive] ==> ignore
    arg [--dynamic-list=/usr/lib/llvm-5.0/lib/clang/5.0.0/lib/linux/libclang_rt.asan-x86_64.a.syms] ==> ignore
    arg [CMakeFiles/cmTC_b7ddd.dir/CMakeCCompilerABI.c.o] ==> ignore
    arg [--no-as-needed] ==> ignore
    arg [-lpthread] ==> lib [pthread]
    arg [-lrt] ==> lib [rt]
    arg [-lm] ==> lib [m]
    arg [-ldl] ==> lib [dl]
    arg [-lgcc] ==> lib [gcc]
    arg [--as-needed] ==> ignore
    arg [-lgcc_s] ==> lib [gcc_s]
    arg [--no-as-needed] ==> ignore
    arg [-lc] ==> lib [c]
    arg [-lgcc] ==> lib [gcc]
    arg [--as-needed] ==> ignore
    arg [-lgcc_s] ==> lib [gcc_s]
    arg [--no-as-needed] ==> ignore
    arg [/usr/bin/../lib/gcc/x86_64-linux-gnu/5.4.0/crtend.o] ==> ignore
    arg [/usr/bin/../lib/gcc/x86_64-linux-gnu/5.4.0/../../../x86_64-linux-gnu/crtn.o] ==> ignore
  remove lib [gcc]
  remove lib [gcc_s]
  remove lib [gcc]
  remove lib [gcc_s]
  collapse library dir [/usr/bin/../lib/gcc/x86_64-linux-gnu/5.4.0] ==> [/usr/lib/gcc/x86_64-linux-gnu/5.4.0]
  collapse library dir [/usr/bin/../lib/gcc/x86_64-linux-gnu/5.4.0/../../../x86_64-linux-gnu] ==> [/usr/lib/x86_64-linux-gnu]
  collapse library dir [/lib/x86_64-linux-gnu] ==> [/lib/x86_64-linux-gnu]
  collapse library dir [/lib/../lib64] ==> [/lib64]
  collapse library dir [/usr/lib/x86_64-linux-gnu] ==> [/usr/lib/x86_64-linux-gnu]
  collapse library dir [/usr/bin/../lib/gcc/x86_64-linux-gnu/5.4.0/../../..] ==> [/usr/lib]
  collapse library dir [/usr/lib/llvm-5.0/bin/../lib] ==> [/usr/lib/llvm-5.0/lib]
  collapse library dir [/lib] ==> [/lib]
  collapse library dir [/usr/lib] ==> [/usr/lib]
  implicit libs: [/usr/lib/llvm-5.0/lib/clang/5.0.0/lib/linux/libclang_rt.asan-x86_64.a;pthread;rt;m;dl;c]
  implicit dirs: [/usr/lib/gcc/x86_64-linux-gnu/5.4.0;/usr/lib/x86_64-linux-gnu;/lib/x86_64-linux-gnu;/lib64;/usr/lib;/usr/lib/llvm-5.0/lib;/lib]
  implicit fwks: []




Detecting C [-std=c11] compiler features compiled with the following output:
Change Dir: /root/temp/iec/lib60870/lib60870-C/examples/cs101_master_balanced/build/CMakeFiles/CMakeTmp

Run Build Command:"/usr/bin/make" "cmTC_84869/fast"
/usr/bin/make -f CMakeFiles/cmTC_84869.dir/build.make CMakeFiles/cmTC_84869.dir/build
make[1]: Entering directory '/root/temp/iec/lib60870/lib60870-C/examples/cs101_master_balanced/build/CMakeFiles/CMakeTmp'
Building C object CMakeFiles/cmTC_84869.dir/feature_tests.c.o
/root/fuzzer/afl-2.52b/afl-clang    -fsanitize=address     -std=c11 -o CMakeFiles/cmTC_84869.dir/feature_tests.c.o   -c /root/temp/iec/lib60870/lib60870-C/examples/cs101_master_balanced/build/CMakeFiles/feature_tests.c
Linking C executable cmTC_84869
/usr/bin/cmake -E cmake_link_script CMakeFiles/cmTC_84869.dir/link.txt --verbose=1
/root/fuzzer/afl-2.52b/afl-clang  -fsanitize=address     -fsanitize=address  CMakeFiles/cmTC_84869.dir/feature_tests.c.o  -o cmTC_84869 -rdynamic 
make[1]: Leaving directory '/root/temp/iec/lib60870/lib60870-C/examples/cs101_master_balanced/build/CMakeFiles/CMakeTmp'


    Feature record: C_FEATURE:1c_function_prototypes
    Feature record: C_FEATURE:1c_restrict
    Feature record: C_FEATURE:1c_static_assert
    Feature record: C_FEATURE:1c_variadic_macros


Detecting C [-std=c99] compiler features compiled with the following output:
Change Dir: /root/temp/iec/lib60870/lib60870-C/examples/cs101_master_balanced/build/CMakeFiles/CMakeTmp

Run Build Command:"/usr/bin/make" "cmTC_94a73/fast"
/usr/bin/make -f CMakeFiles/cmTC_94a73.dir/build.make CMakeFiles/cmTC_94a73.dir/build
make[1]: Entering directory '/root/temp/iec/lib60870/lib60870-C/examples/cs101_master_balanced/build/CMakeFiles/CMakeTmp'
Building C object CMakeFiles/cmTC_94a73.dir/feature_tests.c.o
/root/fuzzer/afl-2.52b/afl-clang    -fsanitize=address     -std=c99 -o CMakeFiles/cmTC_94a73.dir/feature_tests.c.o   -c /root/temp/iec/lib60870/lib60870-C/examples/cs101_master_balanced/build/CMakeFiles/feature_tests.c
Linking C executable cmTC_94a73
/usr/bin/cmake -E cmake_link_script CMakeFiles/cmTC_94a73.dir/link.txt --verbose=1
/root/fuzzer/afl-2.52b/afl-clang  -fsanitize=address     -fsanitize=address  CMakeFiles/cmTC_94a73.dir/feature_tests.c.o  -o cmTC_94a73 -rdynamic 
make[1]: Leaving directory '/root/temp/iec/lib60870/lib60870-C/examples/cs101_master_balanced/build/CMakeFiles/CMakeTmp'


    Feature record: C_FEATURE:1c_function_prototypes
    Feature record: C_FEATURE:1c_restrict
    Feature record: C_FEATURE:0c_static_assert
    Feature record: C_FEATURE:1c_variadic_macros


Detecting C [-std=c90] compiler features compiled with the following output:
Change Dir: /root/temp/iec/lib60870/lib60870-C/examples/cs101_master_balanced/build/CMakeFiles/CMakeTmp

Run Build Command:"/usr/bin/make" "cmTC_7e578/fast"
/usr/bin/make -f CMakeFiles/cmTC_7e578.dir/build.make CMakeFiles/cmTC_7e578.dir/build
make[1]: Entering directory '/root/temp/iec/lib60870/lib60870-C/examples/cs101_master_balanced/build/CMakeFiles/CMakeTmp'
Building C object CMakeFiles/cmTC_7e578.dir/feature_tests.c.o
/root/fuzzer/afl-2.52b/afl-clang    -fsanitize=address     -std=c90 -o CMakeFiles/cmTC_7e578.dir/feature_tests.c.o   -c /root/temp/iec/lib60870/lib60870-C/examples/cs101_master_balanced/build/CMakeFiles/feature_tests.c
Linking C executable cmTC_7e578
/usr/bin/cmake -E cmake_link_script CMakeFiles/cmTC_7e578.dir/link.txt --verbose=1
/root/fuzzer/afl-2.52b/afl-clang  -fsanitize=address     -fsanitize=address  CMakeFiles/cmTC_7e578.dir/feature_tests.c.o  -o cmTC_7e578 -rdynamic 
make[1]: Leaving directory '/root/temp/iec/lib60870/lib60870-C/examples/cs101_master_balanced/build/CMakeFiles/CMakeTmp'


    Feature record: C_FEATURE:1c_function_prototypes
    Feature record: C_FEATURE:0c_restrict
    Feature record: C_FEATURE:0c_static_assert
    Feature record: C_FEATURE:0c_variadic_macros
Determining if the CXX compiler works passed with the following output:
Change Dir: /root/temp/iec/lib60870/lib60870-C/examples/cs101_master_balanced/build/CMakeFiles/CMakeTmp

Run Build Command:"/usr/bin/make" "cmTC_63373/fast"
/usr/bin/make -f CMakeFiles/cmTC_63373.dir/build.make CMakeFiles/cmTC_63373.dir/build
make[1]: Entering directory '/root/temp/iec/lib60870/lib60870-C/examples/cs101_master_balanced/build/CMakeFiles/CMakeTmp'
Building CXX object CMakeFiles/cmTC_63373.dir/testCXXCompiler.cxx.o
/root/fuzzer/afl-2.52b/afl-clang++      -o CMakeFiles/cmTC_63373.dir/testCXXCompiler.cxx.o -c /root/temp/iec/lib60870/lib60870-C/examples/cs101_master_balanced/build/CMakeFiles/CMakeTmp/testCXXCompiler.cxx
Linking CXX executable cmTC_63373
/usr/bin/cmake -E cmake_link_script CMakeFiles/cmTC_63373.dir/link.txt --verbose=1
/root/fuzzer/afl-2.52b/afl-clang++       -fsanitize=address  CMakeFiles/cmTC_63373.dir/testCXXCompiler.cxx.o  -o cmTC_63373 -rdynamic 
make[1]: Leaving directory '/root/temp/iec/lib60870/lib60870-C/examples/cs101_master_balanced/build/CMakeFiles/CMakeTmp'


Detecting CXX compiler ABI info compiled with the following output:
Change Dir: /root/temp/iec/lib60870/lib60870-C/examples/cs101_master_balanced/build/CMakeFiles/CMakeTmp

Run Build Command:"/usr/bin/make" "cmTC_b9cde/fast"
/usr/bin/make -f CMakeFiles/cmTC_b9cde.dir/build.make CMakeFiles/cmTC_b9cde.dir/build
make[1]: Entering directory '/root/temp/iec/lib60870/lib60870-C/examples/cs101_master_balanced/build/CMakeFiles/CMakeTmp'
Building CXX object CMakeFiles/cmTC_b9cde.dir/CMakeCXXCompilerABI.cpp.o
/root/fuzzer/afl-2.52b/afl-clang++      -o CMakeFiles/cmTC_b9cde.dir/CMakeCXXCompilerABI.cpp.o -c /usr/share/cmake-3.5/Modules/CMakeCXXCompilerABI.cpp
Linking CXX executable cmTC_b9cde
/usr/bin/cmake -E cmake_link_script CMakeFiles/cmTC_b9cde.dir/link.txt --verbose=1
/root/fuzzer/afl-2.52b/afl-clang++       -fsanitize=address -v CMakeFiles/cmTC_b9cde.dir/CMakeCXXCompilerABI.cpp.o  -o cmTC_b9cde -rdynamic  
clang version 5.0.0-3~16.04.1 (tags/RELEASE_500/final)
Target: x86_64-pc-linux-gnu
Thread model: posix
InstalledDir: /usr/bin
Found candidate GCC installation: /usr/bin/../lib/gcc/i686-linux-gnu/6
Found candidate GCC installation: /usr/bin/../lib/gcc/i686-linux-gnu/6.0.0
Found candidate GCC installation: /usr/bin/../lib/gcc/x86_64-linux-gnu/5
Found candidate GCC installation: /usr/bin/../lib/gcc/x86_64-linux-gnu/5.4.0
Found candidate GCC installation: /usr/bin/../lib/gcc/x86_64-linux-gnu/6
Found candidate GCC installation: /usr/bin/../lib/gcc/x86_64-linux-gnu/6.0.0
Found candidate GCC installation: /usr/lib/gcc/i686-linux-gnu/6
Found candidate GCC installation: /usr/lib/gcc/i686-linux-gnu/6.0.0
Found candidate GCC installation: /usr/lib/gcc/x86_64-linux-gnu/5
Found candidate GCC installation: /usr/lib/gcc/x86_64-linux-gnu/5.4.0
Found candidate GCC installation: /usr/lib/gcc/x86_64-linux-gnu/6
Found candidate GCC installation: /usr/lib/gcc/x86_64-linux-gnu/6.0.0
Selected GCC installation: /usr/bin/../lib/gcc/x86_64-linux-gnu/5.4.0
Candidate multilib: .;@m64
Selected multilib: .;@m64
 "/usr/bin/ld" -export-dynamic -z relro --hash-style=gnu --eh-frame-hdr -m elf_x86_64 -export-dynamic -dynamic-linker /lib64/ld-linux-x86-64.so.2 -o cmTC_b9cde /usr/bin/../lib/gcc/x86_64-linux-gnu/5.4.0/../../../x86_64-linux-gnu/crt1.o /usr/bin/../lib/gcc/x86_64-linux-gnu/5.4.0/../../../x86_64-linux-gnu/crti.o /usr/bin/../lib/gcc/x86_64-linux-gnu/5.4.0/crtbegin.o -L/usr/bin/../lib/gcc/x86_64-linux-gnu/5.4.0 -L/usr/bin/../lib/gcc/x86_64-linux-gnu/5.4.0/../../../x86_64-linux-gnu -L/lib/x86_64-linux-gnu -L/lib/../lib64 -L/usr/lib/x86_64-linux-gnu -L/usr/bin/../lib/gcc/x86_64-linux-gnu/5.4.0/../../.. -L/usr/lib/llvm-5.0/bin/../lib -L/lib -L/usr/lib -whole-archive /usr/lib/llvm-5.0/lib/clang/5.0.0/lib/linux/libclang_rt.asan-x86_64.a -no-whole-archive --dynamic-list=/usr/lib/llvm-5.0/lib/clang/5.0.0/lib/linux/libclang_rt.asan-x86_64.a.syms -whole-archive /usr/lib/llvm-5.0/lib/clang/5.0.0/lib/linux/libclang_rt.asan_cxx-x86_64.a -no-whole-archive --dynamic-list=/usr/lib/llvm-5.0/lib/clang/5.0.0/lib/linux/libclang_rt.asan_cxx-x86_64.a.syms CMakeFiles/cmTC_b9cde.dir/CMakeCXXCompilerABI.cpp.o -lstdc++ -lm --no-as-needed -lpthread -lrt -lm -ldl -lgcc_s -lgcc -lc -lgcc_s -lgcc /usr/bin/../lib/gcc/x86_64-linux-gnu/5.4.0/crtend.o /usr/bin/../lib/gcc/x86_64-linux-gnu/5.4.0/../../../x86_64-linux-gnu/crtn.o
make[1]: Leaving directory '/root/temp/iec/lib60870/lib60870-C/examples/cs101_master_balanced/build/CMakeFiles/CMakeTmp'


Parsed CXX implicit link information from above output:
  link line regex: [^( *|.*[/\])(ld|([^/\]+-)?ld|collect2)[^/\]*( |$)]
  ignore line: [Change Dir: /root/temp/iec/lib60870/lib60870-C/examples/cs101_master_balanced/build/CMakeFiles/CMakeTmp]
  ignore line: []
  ignore line: [Run Build Command:"/usr/bin/make" "cmTC_b9cde/fast"]
  ignore line: [/usr/bin/make -f CMakeFiles/cmTC_b9cde.dir/build.make CMakeFiles/cmTC_b9cde.dir/build]
  ignore line: [make[1]: Entering directory '/root/temp/iec/lib60870/lib60870-C/examples/cs101_master_balanced/build/CMakeFiles/CMakeTmp']
  ignore line: [Building CXX object CMakeFiles/cmTC_b9cde.dir/CMakeCXXCompilerABI.cpp.o]
  ignore line: [/root/fuzzer/afl-2.52b/afl-clang++      -o CMakeFiles/cmTC_b9cde.dir/CMakeCXXCompilerABI.cpp.o -c /usr/share/cmake-3.5/Modules/CMakeCXXCompilerABI.cpp]
  ignore line: [Linking CXX executable cmTC_b9cde]
  ignore line: [/usr/bin/cmake -E cmake_link_script CMakeFiles/cmTC_b9cde.dir/link.txt --verbose=1]
  ignore line: [/root/fuzzer/afl-2.52b/afl-clang++       -fsanitize=address -v CMakeFiles/cmTC_b9cde.dir/CMakeCXXCompilerABI.cpp.o  -o cmTC_b9cde -rdynamic  ]
  ignore line: [clang version 5.0.0-3~16.04.1 (tags/RELEASE_500/final)]
  ignore line: [Target: x86_64-pc-linux-gnu]
  ignore line: [Thread model: posix]
  ignore line: [InstalledDir: /usr/bin]
  ignore line: [Found candidate GCC installation: /usr/bin/../lib/gcc/i686-linux-gnu/6]
  ignore line: [Found candidate GCC installation: /usr/bin/../lib/gcc/i686-linux-gnu/6.0.0]
  ignore line: [Found candidate GCC installation: /usr/bin/../lib/gcc/x86_64-linux-gnu/5]
  ignore line: [Found candidate GCC installation: /usr/bin/../lib/gcc/x86_64-linux-gnu/5.4.0]
  ignore line: [Found candidate GCC installation: /usr/bin/../lib/gcc/x86_64-linux-gnu/6]
  ignore line: [Found candidate GCC installation: /usr/bin/../lib/gcc/x86_64-linux-gnu/6.0.0]
  ignore line: [Found candidate GCC installation: /usr/lib/gcc/i686-linux-gnu/6]
  ignore line: [Found candidate GCC installation: /usr/lib/gcc/i686-linux-gnu/6.0.0]
  ignore line: [Found candidate GCC installation: /usr/lib/gcc/x86_64-linux-gnu/5]
  ignore line: [Found candidate GCC installation: /usr/lib/gcc/x86_64-linux-gnu/5.4.0]
  ignore line: [Found candidate GCC installation: /usr/lib/gcc/x86_64-linux-gnu/6]
  ignore line: [Found candidate GCC installation: /usr/lib/gcc/x86_64-linux-gnu/6.0.0]
  ignore line: [Selected GCC installation: /usr/bin/../lib/gcc/x86_64-linux-gnu/5.4.0]
  ignore line: [Candidate multilib: .]
  ignore line: [@m64]
  ignore line: [Selected multilib: .]
  ignore line: [@m64]
  link line: [ "/usr/bin/ld" -export-dynamic -z relro --hash-style=gnu --eh-frame-hdr -m elf_x86_64 -export-dynamic -dynamic-linker /lib64/ld-linux-x86-64.so.2 -o cmTC_b9cde /usr/bin/../lib/gcc/x86_64-linux-gnu/5.4.0/../../../x86_64-linux-gnu/crt1.o /usr/bin/../lib/gcc/x86_64-linux-gnu/5.4.0/../../../x86_64-linux-gnu/crti.o /usr/bin/../lib/gcc/x86_64-linux-gnu/5.4.0/crtbegin.o -L/usr/bin/../lib/gcc/x86_64-linux-gnu/5.4.0 -L/usr/bin/../lib/gcc/x86_64-linux-gnu/5.4.0/../../../x86_64-linux-gnu -L/lib/x86_64-linux-gnu -L/lib/../lib64 -L/usr/lib/x86_64-linux-gnu -L/usr/bin/../lib/gcc/x86_64-linux-gnu/5.4.0/../../.. -L/usr/lib/llvm-5.0/bin/../lib -L/lib -L/usr/lib -whole-archive /usr/lib/llvm-5.0/lib/clang/5.0.0/lib/linux/libclang_rt.asan-x86_64.a -no-whole-archive --dynamic-list=/usr/lib/llvm-5.0/lib/clang/5.0.0/lib/linux/libclang_rt.asan-x86_64.a.syms -whole-archive /usr/lib/llvm-5.0/lib/clang/5.0.0/lib/linux/libclang_rt.asan_cxx-x86_64.a -no-whole-archive --dynamic-list=/usr/lib/llvm-5.0/lib/clang/5.0.0/lib/linux/libclang_rt.asan_cxx-x86_64.a.syms CMakeFiles/cmTC_b9cde.dir/CMakeCXXCompilerABI.cpp.o -lstdc++ -lm --no-as-needed -lpthread -lrt -lm -ldl -lgcc_s -lgcc -lc -lgcc_s -lgcc /usr/bin/../lib/gcc/x86_64-linux-gnu/5.4.0/crtend.o /usr/bin/../lib/gcc/x86_64-linux-gnu/5.4.0/../../../x86_64-linux-gnu/crtn.o]
    arg [/usr/bin/ld] ==> ignore
    arg [-export-dynamic] ==> ignore
    arg [-zrelro] ==> ignore
    arg [--hash-style=gnu] ==> ignore
    arg [--eh-frame-hdr] ==> ignore
    arg [-m] ==> ignore
    arg [elf_x86_64] ==> ignore
    arg [-export-dynamic] ==> ignore
    arg [-dynamic-linker] ==> ignore
    arg [/lib64/ld-linux-x86-64.so.2] ==> ignore
    arg [-o] ==> ignore
    arg [cmTC_b9cde] ==> ignore
    arg [/usr/bin/../lib/gcc/x86_64-linux-gnu/5.4.0/../../../x86_64-linux-gnu/crt1.o] ==> ignore
    arg [/usr/bin/../lib/gcc/x86_64-linux-gnu/5.4.0/../../../x86_64-linux-gnu/crti.o] ==> ignore
    arg [/usr/bin/../lib/gcc/x86_64-linux-gnu/5.4.0/crtbegin.o] ==> ignore
    arg [-L/usr/bin/../lib/gcc/x86_64-linux-gnu/5.4.0] ==> dir [/usr/bin/../lib/gcc/x86_64-linux-gnu/5.4.0]
    arg [-L/usr/bin/../lib/gcc/x86_64-linux-gnu/5.4.0/../../../x86_64-linux-gnu] ==> dir [/usr/bin/../lib/gcc/x86_64-linux-gnu/5.4.0/../../../x86_64-linux-gnu]
    arg [-L/lib/x86_64-linux-gnu] ==> dir [/lib/x86_64-linux-gnu]
    arg [-L/lib/../lib64] ==> dir [/lib/../lib64]
    arg [-L/usr/lib/x86_64-linux-gnu] ==> dir [/usr/lib/x86_64-linux-gnu]
    arg [-L/usr/bin/../lib/gcc/x86_64-linux-gnu/5.4.0/../../..] ==> dir [/usr/bin/../lib/gcc/x86_64-linux-gnu/5.4.0/../../..]
    arg [-L/usr/lib/llvm-5.0/bin/../lib] ==> dir [/usr/lib/llvm-5.0/bin/../lib]
    arg [-L/lib] ==> dir [/lib]
    arg [-L/usr/lib] ==> dir [/usr/lib]
    arg [-whole-archive] ==> ignore
    arg [/usr/lib/llvm-5.0/lib/clang/5.0.0/lib/linux/libclang_rt.asan-x86_64.a] ==> lib [/usr/lib/llvm-5.0/lib/clang/5.0.0/lib/linux/libclang_rt.asan-x86_64.a]
    arg [-no-whole-archive] ==> ignore
    arg [--dynamic-list=/usr/lib/llvm-5.0/lib/clang/5.0.0/lib/linux/libclang_rt.asan-x86_64.a.syms] ==> ignore
    arg [-whole-archive] ==> ignore
    arg [/usr/lib/llvm-5.0/lib/clang/5.0.0/lib/linux/libclang_rt.asan_cxx-x86_64.a] ==> lib [/usr/lib/llvm-5.0/lib/clang/5.0.0/lib/linux/libclang_rt.asan_cxx-x86_64.a]
    arg [-no-whole-archive] ==> ignore
    arg [--dynamic-list=/usr/lib/llvm-5.0/lib/clang/5.0.0/lib/linux/libclang_rt.asan_cxx-x86_64.a.syms] ==> ignore
    arg [CMakeFiles/cmTC_b9cde.dir/CMakeCXXCompilerABI.cpp.o] ==> ignore
    arg [-lstdc++] ==> lib [stdc++]
    arg [-lm] ==> lib [m]
    arg [--no-as-needed] ==> ignore
    arg [-lpthread] ==> lib [pthread]
    arg [-lrt] ==> lib [rt]
    arg [-lm] ==> lib [m]
    arg [-ldl] ==> lib [dl]
    arg [-lgcc_s] ==> lib [gcc_s]
    arg [-lgcc] ==> lib [gcc]
    arg [-lc] ==> lib [c]
    arg [-lgcc_s] ==> lib [gcc_s]
    arg [-lgcc] ==> lib [gcc]
    arg [/usr/bin/../lib/gcc/x86_64-linux-gnu/5.4.0/crtend.o] ==> ignore
    arg [/usr/bin/../lib/gcc/x86_64-linux-gnu/5.4.0/../../../x86_64-linux-gnu/crtn.o] ==> ignore
  remove lib [gcc_s]
  remove lib [gcc]
  remove lib [gcc_s]
  remove lib [gcc]
  collapse library dir [/usr/bin/../lib/gcc/x86_64-linux-gnu/5.4.0] ==> [/usr/lib/gcc/x86_64-linux-gnu/5.4.0]
  collapse library dir [/usr/bin/../lib/gcc/x86_64-linux-gnu/5.4.0/../../../x86_64-linux-gnu] ==> [/usr/lib/x86_64-linux-gnu]
  collapse library dir [/lib/x86_64-linux-gnu] ==> [/lib/x86_64-linux-gnu]
  collapse library dir [/lib/../lib64] ==> [/lib64]
  collapse library dir [/usr/lib/x86_64-linux-gnu] ==> [/usr/lib/x86_64-linux-gnu]
  collapse library dir [/usr/bin/../lib/gcc/x86_64-linux-gnu/5.4.0/../../..] ==> [/usr/lib]
  collapse library dir [/usr/lib/llvm-5.0/bin/../lib] ==> [/usr/lib/llvm-5.0/lib]
  collapse library dir [/lib] ==> [/lib]
  collapse library dir [/usr/lib] ==> [/usr/lib]
  implicit libs: [/usr/lib/llvm-5.0/lib/clang/5.0.0/lib/linux/libclang_rt.asan-x86_64.a;/usr/lib/llvm-5.0/lib/clang/5.0.0/lib/linux/libclang_rt.asan_cxx-x86_64.a;stdc++;m;pthread;rt;m;dl;c]
  implicit dirs: [/usr/lib/gcc/x86_64-linux-gnu/5.4.0;/usr/lib/x86_64-linux-gnu;/lib/x86_64-linux-gnu;/lib64;/usr/lib;/usr/lib/llvm-5.0/lib;/lib]
  implicit fwks: []




Detecting CXX [-std=c++14] compiler features compiled with the following output:
Change Dir: /root/temp/iec/lib60870/lib60870-C/examples/cs101_master_balanced/build/CMakeFiles/CMakeTmp

Run Build Command:"/usr/bin/make" "cmTC_aea9e/fast"
/usr/bin/make -f CMakeFiles/cmTC_aea9e.dir/build.make CMakeFiles/cmTC_aea9e.dir/build
make[1]: Entering directory '/root/temp/iec/lib60870/lib60870-C/examples/cs101_master_balanced/build/CMakeFiles/CMakeTmp'
Building CXX object CMakeFiles/cmTC_aea9e.dir/feature_tests.cxx.o
/root/fuzzer/afl-2.52b/afl-clang++     -std=c++14 -o CMakeFiles/cmTC_aea9e.dir/feature_tests.cxx.o -c /root/temp/iec/lib60870/lib60870-C/examples/cs101_master_balanced/build/CMakeFiles/feature_tests.cxx
Linking CXX executable cmTC_aea9e
/usr/bin/cmake -E cmake_link_script CMakeFiles/cmTC_aea9e.dir/link.txt --verbose=1
/root/fuzzer/afl-2.52b/afl-clang++       -fsanitize=address  CMakeFiles/cmTC_aea9e.dir/feature_tests.cxx.o  -o cmTC_aea9e -rdynamic 
make[1]: Leaving directory '/root/temp/iec/lib60870/lib60870-C/examples/cs101_master_balanced/build/CMakeFiles/CMakeTmp'


    Feature record: CXX_FEATURE:1cxx_aggregate_default_initializers
    Feature record: CXX_FEATURE:1cxx_alias_templates
    Feature record: CXX_FEATURE:1cxx_alignas
    Feature record: CXX_FEATURE:1cxx_alignof
    Feature record: CXX_FEATURE:1cxx_attributes
    Feature record: CXX_FEATURE:1cxx_attribute_deprecated
    Feature record: CXX_FEATURE:1cxx_auto_type
    Feature record: CXX_FEATURE:1cxx_binary_literals
    Feature record: CXX_FEATURE:1cxx_constexpr
    Feature record: CXX_FEATURE:1cxx_contextual_conversions
    Feature record: CXX_FEATURE:1cxx_decltype
    Feature record: CXX_FEATURE:1cxx_decltype_auto
    Feature record: CXX_FEATURE:1cxx_decltype_incomplete_return_types
    Feature record: CXX_FEATURE:1cxx_default_function_template_args
    Feature record: CXX_FEATURE:1cxx_defaulted_functions
    Feature record: CXX_FEATURE:1cxx_defaulted_move_initializers
    Feature record: CXX_FEATURE:1cxx_delegating_constructors
    Feature record: CXX_FEATURE:1cxx_deleted_functions
    Feature record: CXX_FEATURE:1cxx_digit_separators
    Feature record: CXX_FEATURE:1cxx_enum_forward_declarations
    Feature record: CXX_FEATURE:1cxx_explicit_conversions
    Feature record: CXX_FEATURE:1cxx_extended_friend_declarations
    Feature record: CXX_FEATURE:1cxx_extern_templates
    Feature record: CXX_FEATURE:1cxx_final
    Feature record: CXX_FEATURE:1cxx_func_identifier
    Feature record: CXX_FEATURE:1cxx_generalized_initializers
    Feature record: CXX_FEATURE:1cxx_generic_lambdas
    Feature record: CXX_FEATURE:1cxx_inheriting_constructors
    Feature record: CXX_FEATURE:1cxx_inline_namespaces
    Feature record: CXX_FEATURE:1cxx_lambdas
    Feature record: CXX_FEATURE:1cxx_lambda_init_captures
    Feature record: CXX_FEATURE:1cxx_local_type_template_args
    Feature record: CXX_FEATURE:1cxx_long_long_type
    Feature record: CXX_FEATURE:1cxx_noexcept
    Feature record: CXX_FEATURE:1cxx_nonstatic_member_init
    Feature record: CXX_FEATURE:1cxx_nullptr
    Feature record: CXX_FEATURE:1cxx_override
    Feature record: CXX_FEATURE:1cxx_range_for
    Feature record: CXX_FEATURE:1cxx_raw_string_literals
    Feature record: CXX_FEATURE:1cxx_reference_qualified_functions
    Feature record: CXX_FEATURE:1cxx_relaxed_constexpr
    Feature record: CXX_FEATURE:1cxx_return_type_deduction
    Feature record: CXX_FEATURE:1cxx_right_angle_brackets
    Feature record: CXX_FEATURE:1cxx_rvalue_references
    Feature record: CXX_FEATURE:1cxx_sizeof_member
    Feature record: CXX_FEATURE:1cxx_static_assert
    Feature record: CXX_FEATURE:1cxx_strong_enums
    Feature record: CXX_FEATURE:1cxx_template_template_parameters
    Feature record: CXX_FEATURE:1cxx_thread_local
    Feature record: CXX_FEATURE:1cxx_trailing_return_types
    Feature record: CXX_FEATURE:1cxx_unicode_literals
    Feature record: CXX_FEATURE:1cxx_uniform_initialization
    Feature record: CXX_FEATURE:1cxx_unrestricted_unions
    Feature record: CXX_FEATURE:1cxx_user_literals
    Feature record: CXX_FEATURE:1cxx_variable_templates
    Feature record: CXX_FEATURE:1cxx_variadic_macros
    Feature record: CXX_FEATURE:1cxx_variadic_templates


Detecting CXX [-std=c++11] compiler features compiled with the following output:
Change Dir: /root/temp/iec/lib60870/lib60870-C/examples/cs101_master_balanced/build/CMakeFiles/CMakeTmp

Run Build Command:"/usr/bin/make" "cmTC_465cd/fast"
/usr/bin/make -f CMakeFiles/cmTC_465cd.dir/build.make CMakeFiles/cmTC_465cd.dir/build
make[1]: Entering directory '/root/temp/iec/lib60870/lib60870-C/examples/cs101_master_balanced/build/CMakeFiles/CMakeTmp'
Building CXX object CMakeFiles/cmTC_465cd.dir/feature_tests.cxx.o
/root/fuzzer/afl-2.52b/afl-clang++     -std=c++11 -o CMakeFiles/cmTC_465cd.dir/feature_tests.cxx.o -c /root/temp/iec/lib60870/lib60870-C/examples/cs101_master_balanced/build/CMakeFiles/feature_tests.cxx
Linking CXX executable cmTC_465cd
/usr/bin/cmake -E cmake_link_script CMakeFiles/cmTC_465cd.dir/link.txt --verbose=1
/root/fuzzer/afl-2.52b/afl-clang++       -fsanitize=address  CMakeFiles/cmTC_465cd.dir/feature_tests.cxx.o  -o cmTC_465cd -rdynamic 
make[1]: Leaving directory '/root/temp/iec/lib60870/lib60870-C/examples/cs101_master_balanced/build/CMakeFiles/CMakeTmp'


    Feature record: CXX_FEATURE:0cxx_aggregate_default_initializers
    Feature record: CXX_FEATURE:1cxx_alias_templates
    Feature record: CXX_FEATURE:1cxx_alignas
    Feature record: CXX_FEATURE:1cxx_alignof
    Feature record: CXX_FEATURE:1cxx_attributes
    Feature record: CXX_FEATURE:0cxx_attribute_deprecated
    Feature record: CXX_FEATURE:1cxx_auto_type
    Feature record: CXX_FEATURE:0cxx_binary_literals
    Feature record: CXX_FEATURE:1cxx_constexpr
    Feature record: CXX_FEATURE:0cxx_contextual_conversions
    Feature record: CXX_FEATURE:1cxx_decltype
    Feature record: CXX_FEATURE:0cxx_decltype_auto
    Feature record: CXX_FEATURE:1cxx_decltype_incomplete_return_types
    Feature record: CXX_FEATURE:1cxx_default_function_template_args
    Feature record: CXX_FEATURE:1cxx_defaulted_functions
    Feature record: CXX_FEATURE:1cxx_defaulted_move_initializers
    Feature record: CXX_FEATURE:1cxx_delegating_constructors
    Feature record: CXX_FEATURE:1cxx_deleted_functions
    Feature record: CXX_FEATURE:0cxx_digit_separators
    Feature record: CXX_FEATURE:1cxx_enum_forward_declarations
    Feature record: CXX_FEATURE:1cxx_explicit_conversions
    Feature record: CXX_FEATURE:1cxx_extended_friend_declarations
    Feature record: CXX_FEATURE:1cxx_extern_templates
    Feature record: CXX_FEATURE:1cxx_final
    Feature record: CXX_FEATURE:1cxx_func_identifier
    Feature record: CXX_FEATURE:1cxx_generalized_initializers
    Feature record: CXX_FEATURE:0cxx_generic_lambdas
    Feature record: CXX_FEATURE:1cxx_inheriting_constructors
    Feature record: CXX_FEATURE:1cxx_inline_namespaces
    Feature record: CXX_FEATURE:1cxx_lambdas
    Feature record: CXX_FEATURE:0cxx_lambda_init_captures
    Feature record: CXX_FEATURE:1cxx_local_type_template_args
    Feature record: CXX_FEATURE:1cxx_long_long_type
    Feature record: CXX_FEATURE:1cxx_noexcept
    Feature record: CXX_FEATURE:1cxx_nonstatic_member_init
    Feature record: CXX_FEATURE:1cxx_nullptr
    Feature record: CXX_FEATURE:1cxx_override
    Feature record: CXX_FEATURE:1cxx_range_for
    Feature record: CXX_FEATURE:1cxx_raw_string_literals
    Feature record: CXX_FEATURE:1cxx_reference_qualified_functions
    Feature record: CXX_FEATURE:0cxx_relaxed_constexpr
    Feature record: CXX_FEATURE:0cxx_return_type_deduction
    Feature record: CXX_FEATURE:1cxx_right_angle_brackets
    Feature record: CXX_FEATURE:1cxx_rvalue_references
    Feature record: CXX_FEATURE:1cxx_sizeof_member
    Feature record: CXX_FEATURE:1cxx_static_assert
    Feature record: CXX_FEATURE:1cxx_strong_enums
    Feature record: CXX_FEATURE:1cxx_template_template_parameters
    Feature record: CXX_FEATURE:1cxx_thread_local
    Feature record: CXX_FEATURE:1cxx_trailing_return_types
    Feature record: CXX_FEATURE:1cxx_unicode_literals
    Feature record: CXX_FEATURE:1cxx_uniform_initialization
    Feature record: CXX_FEATURE:1cxx_unrestricted_unions
    Feature record: CXX_FEATURE:1cxx_user_literals
    Feature record: CXX_FEATURE:0cxx_variable_templates
    Feature record: CXX_FEATURE:1cxx_variadic_macros
    Feature record: CXX_FEATURE:1cxx_variadic_templates


Detecting CXX [-std=c++98] compiler features compiled with the following output:
Change Dir: /root/temp/iec/lib60870/lib60870-C/examples/cs101_master_balanced/build/CMakeFiles/CMakeTmp

Run Build Command:"/usr/bin/make" "cmTC_de727/fast"
/usr/bin/make -f CMakeFiles/cmTC_de727.dir/build.make CMakeFiles/cmTC_de727.dir/build
make[1]: Entering directory '/root/temp/iec/lib60870/lib60870-C/examples/cs101_master_balanced/build/CMakeFiles/CMakeTmp'
Building CXX object CMakeFiles/cmTC_de727.dir/feature_tests.cxx.o
/root/fuzzer/afl-2.52b/afl-clang++     -std=c++98 -o CMakeFiles/cmTC_de727.dir/feature_tests.cxx.o -c /root/temp/iec/lib60870/lib60870-C/examples/cs101_master_balanced/build/CMakeFiles/feature_tests.cxx
Linking CXX executable cmTC_de727
/usr/bin/cmake -E cmake_link_script CMakeFiles/cmTC_de727.dir/link.txt --verbose=1
/root/fuzzer/afl-2.52b/afl-clang++       -fsanitize=address  CMakeFiles/cmTC_de727.dir/feature_tests.cxx.o  -o cmTC_de727 -rdynamic 
make[1]: Leaving directory '/root/temp/iec/lib60870/lib60870-C/examples/cs101_master_balanced/build/CMakeFiles/CMakeTmp'


    Feature record: CXX_FEATURE:0cxx_aggregate_default_initializers
    Feature record: CXX_FEATURE:0cxx_alias_templates
    Feature record: CXX_FEATURE:0cxx_alignas
    Feature record: CXX_FEATURE:0cxx_alignof
    Feature record: CXX_FEATURE:0cxx_attributes
    Feature record: CXX_FEATURE:0cxx_attribute_deprecated
    Feature record: CXX_FEATURE:0cxx_auto_type
    Feature record: CXX_FEATURE:0cxx_binary_literals
    Feature record: CXX_FEATURE:0cxx_constexpr
    Feature record: CXX_FEATURE:0cxx_contextual_conversions
    Feature record: CXX_FEATURE:0cxx_decltype
    Feature record: CXX_FEATURE:0cxx_decltype_auto
    Feature record: CXX_FEATURE:0cxx_decltype_incomplete_return_types
    Feature record: CXX_FEATURE:0cxx_default_function_template_args
    Feature record: CXX_FEATURE:0cxx_defaulted_functions
    Feature record: CXX_FEATURE:0cxx_defaulted_move_initializers
    Feature record: CXX_FEATURE:0cxx_delegating_constructors
    Feature record: CXX_FEATURE:0cxx_deleted_functions
    Feature record: CXX_FEATURE:0cxx_digit_separators
    Feature record: CXX_FEATURE:0cxx_enum_forward_declarations
    Feature record: CXX_FEATURE:0cxx_explicit_conversions
    Feature record: CXX_FEATURE:0cxx_extended_friend_declarations
    Feature record: CXX_FEATURE:0cxx_extern_templates
    Feature record: CXX_FEATURE:0cxx_final
    Feature record: CXX_FEATURE:0cxx_func_identifier
    Feature record: CXX_FEATURE:0cxx_generalized_initializers
    Feature record: CXX_FEATURE:0cxx_generic_lambdas
    Feature record: CXX_FEATURE:0cxx_inheriting_constructors
    Feature record: CXX_FEATURE:0cxx_inline_namespaces
    Feature record: CXX_FEATURE:0cxx_lambdas
    Feature record: CXX_FEATURE:0cxx_lambda_init_captures
    Feature record: CXX_FEATURE:0cxx_local_type_template_args
    Feature record: CXX_FEATURE:0cxx_long_long_type
    Feature record: CXX_FEATURE:0cxx_noexcept
    Feature record: CXX_FEATURE:0cxx_nonstatic_member_init
    Feature record: CXX_FEATURE:0cxx_nullptr
    Feature record: CXX_FEATURE:0cxx_override
    Feature record: CXX_FEATURE:0cxx_range_for
    Feature record: CXX_FEATURE:0cxx_raw_string_literals
    Feature record: CXX_FEATURE:0cxx_reference_qualified_functions
    Feature record: CXX_FEATURE:0cxx_relaxed_constexpr
    Feature record: CXX_FEATURE:0cxx_return_type_deduction
    Feature record: CXX_FEATURE:0cxx_right_angle_brackets
    Feature record: CXX_FEATURE:0cxx_rvalue_references
    Feature record: CXX_FEATURE:0cxx_sizeof_member
    Feature record: CXX_FEATURE:0cxx_static_assert
    Feature record: CXX_FEATURE:0cxx_strong_enums
    Feature record: CXX_FEATURE:1cxx_template_template_parameters
    Feature record: CXX_FEATURE:0cxx_thread_local
    Feature record: CXX_FEATURE:0cxx_trailing_return_types
    Feature record: CXX_FEATURE:0cxx_unicode_literals
    Feature record: CXX_FEATURE:0cxx_uniform_initialization
    Feature record: CXX_FEATURE:0cxx_unrestricted_unions
    Feature record: CXX_FEATURE:0cxx_user_literals
    Feature record: CXX_FEATURE:0cxx_variable_templates
    Feature record: CXX_FEATURE:0cxx_variadic_macros
    Feature record: CXX_FEATURE:0cxx_variadic_templates
